# JRE version: OpenJDK Runtime Environment (19.0.2+7) (build 19.0.2+7-44)
# Java VM: OpenJDK 64-Bit Server VM (19.0.2+7-44, mixed mode, emulated-client, sharing, tiered, compressed oops, compressed class ptrs, g1 gc, windows-amd64)
GC Precious Log:
 CardTable entry size: 512
 Card Set container configuration: InlinePtr #cards 5 size 8 Array Of Cards #cards 12 size 40 Howl #buckets 4 coarsen threshold 1843 Howl Bitmap #cards 512 size 80 coarsen threshold 460 Card regions per heap region 1 cards per card region 2048
 CPUs: 8 total, 8 available
 Memory: 8078M
 Large Page Support: Disabled
 NUMA Support: Disabled
 Compressed Oops: Enabled (32-bit)
 Heap Region Size: 1M
 Heap Min Capacity: 8M
 Heap Initial Capacity: 128M
 Heap Max Capacity: 2020M
 Pre-touch: Disabled
 Parallel Workers: 8
 Concurrent Workers: 2
 Concurrent Refinement Workers: 8
 Periodic GC: Disabled
Heap:
 garbage-first heap   total 86016K, used 35040K [0x0000000081c00000, 0x0000000100000000)
  region size 1024K, 2 young (2048K), 2 survivors (2048K)
 Metaspace       used 64553K, committed 65216K, reserved 1114112K
  class space    used 8980K, committed 9280K, reserved 1048576K
GC Heap History (20 events):
Event: 8.405 GC heap after
{Heap after GC invocations=9 (full 0):
 garbage-first heap   total 58368K, used 21613K [0x0000000081c00000, 0x0000000100000000)
  region size 1024K, 3 young (3072K), 3 survivors (3072K)
 Metaspace       used 32169K, committed 32576K, reserved 1114112K
  class space    used 4352K, committed 4544K, reserved 1048576K
}
Event: 9.128 GC heap before
{Heap before GC invocations=9 (full 0):
 garbage-first heap   total 58368K, used 42093K [0x0000000081c00000, 0x0000000100000000)
  region size 1024K, 23 young (23552K), 3 survivors (3072K)
 Metaspace       used 34401K, committed 34880K, reserved 1114112K
  class space    used 4646K, committed 4864K, reserved 1048576K
}
Event: 9.142 GC heap after
{Heap after GC invocations=10 (full 0):
 garbage-first heap   total 58368K, used 23142K [0x0000000081c00000, 0x0000000100000000)
  region size 1024K, 3 young (3072K), 3 survivors (3072K)
 Metaspace       used 34401K, committed 34880K, reserved 1114112K
  class space    used 4646K, committed 4864K, reserved 1048576K
}
Event: 9.320 GC heap before
{Heap before GC invocations=10 (full 0):
 garbage-first heap   total 58368K, used 27238K [0x0000000081c00000, 0x0000000100000000)
  region size 1024K, 8 young (8192K), 3 survivors (3072K)
 Metaspace       used 35692K, committed 36096K, reserved 1114112K
  class space    used 4795K, committed 4992K, reserved 1048576K
}
Event: 9.332 GC heap after
{Heap after GC invocations=11 (full 0):
 garbage-first heap   total 116736K, used 23613K [0x0000000081c00000, 0x0000000100000000)
  region size 1024K, 1 young (1024K), 1 survivors (1024K)
 Metaspace       used 35692K, committed 36096K, reserved 1114112K
  class space    used 4795K, committed 4992K, reserved 1048576K
}
Event: 11.136 GC heap before
{Heap before GC invocations=12 (full 0):
 garbage-first heap   total 86016K, used 74813K [0x0000000081c00000, 0x0000000100000000)
  region size 1024K, 50 young (51200K), 1 survivors (1024K)
 Metaspace       used 40196K, committed 40704K, reserved 1114112K
  class space    used 5417K, committed 5632K, reserved 1048576K
}
Event: 11.140 GC heap after
{Heap after GC invocations=13 (full 0):
 garbage-first heap   total 86016K, used 26624K [0x0000000081c00000, 0x0000000100000000)
  region size 1024K, 4 young (4096K), 4 survivors (4096K)
 Metaspace       used 40196K, committed 40704K, reserved 1114112K
  class space    used 5417K, committed 5632K, reserved 1048576K
}
Event: 11.152 GC heap before
{Heap before GC invocations=13 (full 0):
 garbage-first heap   total 86016K, used 27648K [0x0000000081c00000, 0x0000000100000000)
  region size 1024K, 5 young (5120K), 4 survivors (4096K)
 Metaspace       used 40196K, committed 40704K, reserved 1114112K
  class space    used 5417K, committed 5632K, reserved 1048576K
}
Event: 11.156 GC heap after
{Heap after GC invocations=14 (full 0):
 garbage-first heap   total 86016K, used 26923K [0x0000000081c00000, 0x0000000100000000)
  region size 1024K, 1 young (1024K), 1 survivors (1024K)
 Metaspace       used 40196K, committed 40704K, reserved 1114112K
  class space    used 5417K, committed 5632K, reserved 1048576K
}
Event: 13.604 GC heap before
{Heap before GC invocations=14 (full 0):
 garbage-first heap   total 86016K, used 65835K [0x0000000081c00000, 0x0000000100000000)
  region size 1024K, 40 young (40960K), 1 survivors (1024K)
 Metaspace       used 49288K, committed 49856K, reserved 1114112K
  class space    used 6671K, committed 6912K, reserved 1048576K
}
Event: 13.607 GC heap after
{Heap after GC invocations=15 (full 0):
 garbage-first heap   total 86016K, used 28875K [0x0000000081c00000, 0x0000000100000000)
  region size 1024K, 3 young (3072K), 3 survivors (3072K)
 Metaspace       used 49288K, committed 49856K, reserved 1114112K
  class space    used 6671K, committed 6912K, reserved 1048576K
}
Event: 16.283 GC heap before
{Heap before GC invocations=15 (full 0):
 garbage-first heap   total 86016K, used 67787K [0x0000000081c00000, 0x0000000100000000)
  region size 1024K, 41 young (41984K), 3 survivors (3072K)
 Metaspace       used 59342K, committed 59968K, reserved 1114112K
  class space    used 8228K, committed 8512K, reserved 1048576K
}
Event: 16.291 GC heap after
{Heap after GC invocations=16 (full 0):
 garbage-first heap   total 86016K, used 30819K [0x0000000081c00000, 0x0000000100000000)
  region size 1024K, 5 young (5120K), 5 survivors (5120K)
 Metaspace       used 59342K, committed 59968K, reserved 1114112K
  class space    used 8228K, committed 8512K, reserved 1048576K
}
Event: 16.591 GC heap before
{Heap before GC invocations=16 (full 0):
 garbage-first heap   total 86016K, used 41059K [0x0000000081c00000, 0x0000000100000000)
  region size 1024K, 16 young (16384K), 5 survivors (5120K)
 Metaspace       used 59933K, committed 60480K, reserved 1114112K
  class space    used 8274K, committed 8512K, reserved 1048576K
}
Event: 16.599 GC heap after
{Heap after GC invocations=17 (full 0):
 garbage-first heap   total 86016K, used 31867K [0x0000000081c00000, 0x0000000100000000)
  region size 1024K, 4 young (4096K), 4 survivors (4096K)
 Metaspace       used 59933K, committed 60480K, reserved 1114112K
  class space    used 8274K, committed 8512K, reserved 1048576K
}
Event: 17.484 GC heap before
{Heap before GC invocations=18 (full 0):
 garbage-first heap   total 86016K, used 67707K [0x0000000081c00000, 0x0000000100000000)
  region size 1024K, 39 young (39936K), 4 survivors (4096K)
 Metaspace       used 63347K, committed 63936K, reserved 1114112K
  class space    used 8810K, committed 9088K, reserved 1048576K
}
Event: 17.495 GC heap after
{Heap after GC invocations=19 (full 0):
 garbage-first heap   total 86016K, used 33801K [0x0000000081c00000, 0x0000000100000000)
  region size 1024K, 3 young (3072K), 3 survivors (3072K)
 Metaspace       used 63347K, committed 63936K, reserved 1114112K
  class space    used 8810K, committed 9088K, reserved 1048576K
}
Event: 17.538 GC heap before
{Heap before GC invocations=19 (full 0):
 garbage-first heap   total 86016K, used 34825K [0x0000000081c00000, 0x0000000100000000)
  region size 1024K, 4 young (4096K), 3 survivors (3072K)
 Metaspace       used 63389K, committed 64064K, reserved 1114112K
  class space    used 8819K, committed 9152K, reserved 1048576K
}
Event: 17.545 GC heap after
{Heap after GC invocations=20 (full 0):
 garbage-first heap   total 86016K, used 33674K [0x0000000081c00000, 0x0000000100000000)
  region size 1024K, 1 young (1024K), 1 survivors (1024K)
 Metaspace       used 63389K, committed 64064K, reserved 1114112K
  class space    used 8819K, committed 9152K, reserved 1048576K
}
Event: 18.662 GC heap before
{Heap before GC invocations=20 (full 0):
 garbage-first heap   total 86016K, used 68490K [0x0000000081c00000, 0x0000000100000000)
  region size 1024K, 35 young (35840K), 1 survivors (1024K)
 Metaspace       used 64553K, committed 65216K, reserved 1114112K
  class space    used 8980K, committed 9280K, reserved 1048576K
}

